10-26 23:21:00 replicate_layout.action_replicate_layout 305:Plugin executed on: 'win32'
10-26 23:21:00 replicate_layout.action_replicate_layout 306:Plugin executed with python version: '2.7.15 (default, Oct 11 2018, 12:09:51)  [GCC 8.2.0 64 bit (AMD64)]'
10-26 23:21:00 replicate_layout.action_replicate_layout 307:KiCad build version: Unknown
10-26 23:21:00 replicate_layout.action_replicate_layout 308:Replicate layout plugin version: 68 started
10-26 23:21:00 replicate_layout.action_replicate_layout 319:wx top level windows: wxWindowList: [<wx._windows.Frame; proxy of <Swig Object of type 'wxFrame *' at 0x330b990> >, <wx._windows.Frame; proxy of <Swig Object of type 'wxFrame *' at 0x85ae90> >, <wx._windows.Frame; proxy of <Swig Object of type 'wxFrame *' at 0x748e2a0> >, <wx._windows.Frame; proxy of <Swig Object of type 'wxFrame *' at 0x845cc30> >, <wx._windows.Frame; proxy of <Swig Object of type 'wxFrame *' at 0x28ba2010> >, <wx._windows.Frame; proxy of <Swig Object of type 'wxFrame *' at 0x28199370> >, <wx._windows.Frame; proxy of <Swig Object of type 'wxFrame *' at 0x2819b260> >]
10-26 23:21:00 replicate_layout.action_replicate_layout 343:Preparing replicator with F3 as a reference
10-26 23:21:00 replicate_layout.replicatelayout 215:getting project hierarchy from schematics
10-26 23:21:00 replicate_layout.replicatelayout 217:Project hierarchy looks like:
{u'5F956034': [u'sheet5F95602F', u'C:\\Users\\henry\\Documents\\embedded\\uwam_pdm_2021\\pdm\\fuse_block.sch'], u'5F9560D2': [u'sheet5F9560CD', u'C:\\Users\\henry\\Documents\\embedded\\uwam_pdm_2021\\pdm\\fuse_block.sch'], u'5F955F6E': [u'sheet5F955F69', u'C:\\Users\\henry\\Documents\\embedded\\uwam_pdm_2021\\pdm\\fuse_block.sch'], u'5F955EE4': [u'sheet5F955EDF', u'C:\\Users\\henry\\Documents\\embedded\\uwam_pdm_2021\\pdm\\fuse_block.sch'], u'5F94FFF3': [u'fuse_block', u'C:\\Users\\henry\\Documents\\embedded\\uwam_pdm_2021\\pdm\\fuse_block.sch']}
10-26 23:21:00 replicate_layout.replicatelayout 225:getting a list of all footprints on board
10-26 23:21:00 replicate_layout.action_replicate_layout 370:source anchor footprint is u'F3'
Located on:[u'sheet5F95602F']
With filenames:[u'fuse_block.sch']
With sheet_id:[u'sheet5F95602F']
10-26 23:21:00 replicate_layout.action_replicate_layout 374:Corresponding footprints are 
[(u'F5', [u'fuse_block']), (u'F4', [u'sheet5F9560CD']), (u'F2', [u'sheet5F955F69']), (u'F1', [u'sheet5F955EDF']), (u'F3', [u'sheet5F95602F'])]
10-26 23:21:00 replicate_layout.action_replicate_layout 387:Showing dialog
10-26 23:21:00 replicate_layout.action_replicate_layout 391:Pcbnew position: wx.Point(-13, -13)
10-26 23:21:00 replicate_layout.action_replicate_layout 397:Display 0: wx.Rect(0, 0, 2736, 1824)
10-26 23:21:00 replicate_layout.action_replicate_layout 401:Toolbar position: wx.Point(2375, 194)
10-26 23:21:00 replicate_layout.action_replicate_layout 408:Dialog position: wx.Point(2062, 194)
10-26 23:21:09 replicate_layout.replicatelayout 249:construcing a list of sheets suitable for replication on level:u'sheet5F95602F', file:u'fuse_block.sch'
10-26 23:21:09 replicate_layout.replicatelayout 256:Source sheet path up to the level:[u'sheet5F95602F']
10-26 23:21:09 replicate_layout.replicatelayout 260:Footprints on the sheets:
[u'F5', u'F4', u'F2', u'F1', u'F3']
10-26 23:21:09 replicate_layout.replicatelayout 263:Footprints raw sheet ids:
[u'/5F94FFF3/5F95466C', u'/5F9560D2/5F95466C', u'/5F955F6E/5F95466C', u'/5F955EE4/5F95466C', u'/5F956034/5F95466C']
10-26 23:21:09 replicate_layout.replicatelayout 279:All sheets to replicate:
[[u'fuse_block'], [u'sheet5F9560CD'], [u'sheet5F955F69'], [u'sheet5F955EDF'], [u'sheet5F95602F']]
10-26 23:21:09 replicate_layout.replicatelayout 284:All sheets to replicate sorted:
[[u'fuse_block'], [u'sheet5F955EDF'], [u'sheet5F955F69'], [u'sheet5F95602F'], [u'sheet5F9560CD']]
10-26 23:21:09 replicate_layout.replicatelayout 290:All sheets to replicate sorted and without source sheet:
[[u'fuse_block'], [u'sheet5F955EDF'], [u'sheet5F955F69'], [u'sheet5F9560CD']]
10-26 23:21:11 replicate_layout.replicatelayout 249:construcing a list of sheets suitable for replication on level:u'sheet5F95602F', file:u'fuse_block.sch'
10-26 23:21:11 replicate_layout.replicatelayout 256:Source sheet path up to the level:[u'sheet5F95602F']
10-26 23:21:11 replicate_layout.replicatelayout 260:Footprints on the sheets:
[u'F5', u'F4', u'F2', u'F1', u'F3']
10-26 23:21:11 replicate_layout.replicatelayout 263:Footprints raw sheet ids:
[u'/5F94FFF3/5F95466C', u'/5F9560D2/5F95466C', u'/5F955F6E/5F95466C', u'/5F955EE4/5F95466C', u'/5F956034/5F95466C']
10-26 23:21:11 replicate_layout.replicatelayout 279:All sheets to replicate:
[[u'fuse_block'], [u'sheet5F9560CD'], [u'sheet5F955F69'], [u'sheet5F955EDF'], [u'sheet5F95602F']]
10-26 23:21:11 replicate_layout.replicatelayout 284:All sheets to replicate sorted:
[[u'fuse_block'], [u'sheet5F955EDF'], [u'sheet5F955F69'], [u'sheet5F95602F'], [u'sheet5F9560CD']]
10-26 23:21:11 replicate_layout.replicatelayout 290:All sheets to replicate sorted and without source sheet:
[[u'fuse_block'], [u'sheet5F955EDF'], [u'sheet5F955F69'], [u'sheet5F9560CD']]
10-26 23:21:11 replicate_layout.action_replicate_layout 179:Replicating layout
10-26 23:21:11 replicate_layout.replicatelayout 990:Starting replication of sheets: [[u'fuse_block'], [u'sheet5F955EDF'], [u'sheet5F955F69'], [u'sheet5F9560CD']]
on level: [u'sheet5F95602F']
with tracks=True, zone=True, text=True, containing=False, remove=True, locked=True
10-26 23:21:11 root 261:updating GUI message: 'Preparing for replication'
10-26 23:21:11 root 266:updating GUI with: 0
10-26 23:21:11 replicate_layout.replicatelayout 556:Getting the list of source footprints
10-26 23:21:11 root 266:updating GUI with: 0
10-26 23:21:11 replicate_layout.replicatelayout 560:Getting the list of all the remaining footprints
10-26 23:21:11 replicate_layout.replicatelayout 564:Getting nets local to source footprints
10-26 23:21:11 replicate_layout.replicatelayout 568:Getting source bounding box
10-26 23:21:11 root 266:updating GUI with: 37
10-26 23:21:11 replicate_layout.replicatelayout 572:Getting source tracks
10-26 23:21:11 replicate_layout.replicatelayout 576:Getting source zones
10-26 23:21:11 root 266:updating GUI with: 62
10-26 23:21:11 replicate_layout.replicatelayout 580:Getting source text items
10-26 23:21:11 replicate_layout.replicatelayout 584:Getting source text items
10-26 23:21:11 replicate_layout.replicatelayout 1018:Removing tracks and zones, before module placement
10-26 23:21:11 root 261:updating GUI message: 'Removing zones and tracks'
10-26 23:21:11 root 266:updating GUI with: 25
10-26 23:21:11 root 266:updating GUI with: 50
10-26 23:21:11 root 266:updating GUI with: 75
10-26 23:21:11 root 261:updating GUI message: 'Replicating footprints'
10-26 23:21:11 root 266:updating GUI with: 0
10-26 23:21:11 replicate_layout.replicatelayout 590:Replicating footprints
10-26 23:21:11 replicate_layout.replicatelayout 596:Replicating footprints on sheet [u'fuse_block']
10-26 23:21:11 root 266:updating GUI with: 10
10-26 23:21:11 replicate_layout.replicatelayout 596:Replicating footprints on sheet [u'sheet5F955EDF']
10-26 23:21:11 root 266:updating GUI with: 29
10-26 23:21:11 root 266:updating GUI with: 47
10-26 23:21:11 replicate_layout.replicatelayout 596:Replicating footprints on sheet [u'sheet5F955F69']
10-26 23:21:11 root 266:updating GUI with: 64
10-26 23:21:11 replicate_layout.replicatelayout 596:Replicating footprints on sheet [u'sheet5F9560CD']
10-26 23:21:11 root 266:updating GUI with: 79
10-26 23:21:11 root 266:updating GUI with: 100
10-26 23:21:11 replicate_layout.replicatelayout 1026:Removing tracks and zones, after module placement
10-26 23:21:11 root 261:updating GUI message: 'Removing zones and tracks'
10-26 23:21:11 root 266:updating GUI with: 0
10-26 23:21:11 root 266:updating GUI with: 25
10-26 23:21:11 root 266:updating GUI with: 50
10-26 23:21:11 root 266:updating GUI with: 75
10-26 23:21:11 root 261:updating GUI message: 'Replicating tracks'
10-26 23:21:11 root 266:updating GUI with: 0
10-26 23:21:11 replicate_layout.replicatelayout 716:Replicating tracks
10-26 23:21:11 replicate_layout.replicatelayout 722:Replicating tracks on sheet [u'fuse_block']
10-26 23:21:11 root 266:updating GUI with: 0
10-26 23:21:11 replicate_layout.replicatelayout 722:Replicating tracks on sheet [u'sheet5F955EDF']
10-26 23:21:11 root 266:updating GUI with: 25
10-26 23:21:11 replicate_layout.replicatelayout 722:Replicating tracks on sheet [u'sheet5F955F69']
10-26 23:21:11 root 266:updating GUI with: 50
10-26 23:21:11 replicate_layout.replicatelayout 722:Replicating tracks on sheet [u'sheet5F9560CD']
10-26 23:21:11 root 266:updating GUI with: 82
10-26 23:21:11 root 261:updating GUI message: 'Replicating zones'
10-26 23:21:12 replicate_layout.replicatelayout 767:Replicating zones
10-26 23:21:12 replicate_layout.replicatelayout 774:Replicating zones on sheet [u'fuse_block']
10-26 23:21:12 root 266:updating GUI with: 25
10-26 23:21:12 replicate_layout.replicatelayout 774:Replicating zones on sheet [u'sheet5F955EDF']
10-26 23:21:12 root 266:updating GUI with: 50
10-26 23:21:12 replicate_layout.replicatelayout 774:Replicating zones on sheet [u'sheet5F955F69']
10-26 23:21:12 replicate_layout.replicatelayout 774:Replicating zones on sheet [u'sheet5F9560CD']
10-26 23:21:12 root 266:updating GUI with: 100
10-26 23:21:12 root 261:updating GUI message: 'Replicating text'
10-26 23:21:12 replicate_layout.replicatelayout 833:Replicating text
10-26 23:21:12 replicate_layout.replicatelayout 840:Replicating text on sheet [u'fuse_block']
10-26 23:21:12 replicate_layout.replicatelayout 840:Replicating text on sheet [u'sheet5F955EDF']
10-26 23:21:12 replicate_layout.replicatelayout 840:Replicating text on sheet [u'sheet5F955F69']
10-26 23:21:12 replicate_layout.replicatelayout 840:Replicating text on sheet [u'sheet5F9560CD']
10-26 23:21:12 root 261:updating GUI message: 'Replicating drawings'
10-26 23:21:12 replicate_layout.replicatelayout 864:Replicating drawings
10-26 23:21:12 replicate_layout.replicatelayout 870:Replicating drawings on sheet [u'fuse_block']
10-26 23:21:12 replicate_layout.replicatelayout 870:Replicating drawings on sheet [u'sheet5F955EDF']
10-26 23:21:12 replicate_layout.replicatelayout 870:Replicating drawings on sheet [u'sheet5F955F69']
10-26 23:21:12 replicate_layout.replicatelayout 870:Replicating drawings on sheet [u'sheet5F9560CD']
10-26 23:21:12 root 261:updating GUI message: 'Removing duplicates'
10-26 23:21:12 replicate_layout.action_replicate_layout 201:Replication complete
